<?xml version="1.0" encoding="UTF-8"?>
<testsuite name="The user would like to register on the Utest Page" tests="1" skipped="0" failures="0" errors="0" timestamp="2022-10-26T15:30:43" hostname="LAPTOP-MUKU1ITQ" time="30.658">
  <properties/>
  <testcase name="User register in Utest" classname="The user would like to register on the Utest Page" time="30.658"/>
  <system-out><![CDATA[]]></system-out>
  <system-err><![CDATA[oct 26, 2022 10:30:43 AM org.openqa.selenium.remote.DesiredCapabilities chrome
INFORMACIÓN: Using `new ChromeOptions()` is preferred to `DesiredCapabilities.chrome()`
Starting ChromeDriver 105.0.5195.52 (412c95e518836d8a7d97250d62b29c2ae6a26a85-refs/branch-heads/5195@{#853}) on port 32628
Only local connections are allowed.
Please see https://chromedriver.chromium.org/security-considerations for suggestions on keeping ChromeDriver safe.
ChromeDriver was started successfully.
[1666798245.622][WARNING]: This version of ChromeDriver has not been tested with Chrome version 106.
oct 26, 2022 10:30:45 AM org.openqa.selenium.remote.ProtocolHandshake createSession
INFORMACIÓN: Detected dialect: W3C
]]></system-err>
</testsuite>
